2026-02-11T15:10:53.9565950Z ##[group]Run python3 -m pip install --upgrade pip --break-system-packages || python3 -m pip install --upgrade pip || true
2026-02-11T15:10:53.9566850Z [36;1mpython3 -m pip install --upgrade pip --break-system-packages || python3 -m pip install --upgrade pip || true[0m
2026-02-11T15:10:53.9567533Z [36;1mpython3 -m pip install -e . --break-system-packages || python3 -m pip install -e .[0m
2026-02-11T15:10:53.9568057Z shell: sh -e {0}
2026-02-11T15:10:53.9568230Z env:
2026-02-11T15:10:53.9568397Z   PYTHON_VERSION_DEFAULT: 3.11
2026-02-11T15:10:53.9568612Z ##[endgroup]
2026-02-11T15:10:54.2645337Z WARNING: The directory '/github/home/.cache/pip' or its parent directory is not owned or is not writable by the current user. The cache has been disabled. Check the permissions and owner of that directory. If executing pip with sudo, you should use sudo's -H flag.
2026-02-11T15:10:54.2920415Z Requirement already satisfied: pip in /usr/lib/python3/dist-packages (24.0)
2026-02-11T15:10:54.3825650Z Collecting pip
2026-02-11T15:10:54.4151149Z   Downloading pip-26.0.1-py3-none-any.whl.metadata (4.7 kB)
2026-02-11T15:10:54.4199786Z Downloading pip-26.0.1-py3-none-any.whl (1.8 MB)
2026-02-11T15:10:54.4443046Z    ━━━━━━━━━━━━━━━━━━━━━━━━━━━━━━━━━━━━━━━━ 1.8/1.8 MB 80.7 MB/s eta 0:00:00
2026-02-11T15:10:54.4728412Z Installing collected packages: pip
2026-02-11T15:10:54.4728990Z   Attempting uninstall: pip
2026-02-11T15:10:54.4755443Z     Found existing installation: pip 24.0
2026-02-11T15:10:54.4766616Z ERROR: Cannot uninstall pip 24.0, RECORD file not found. Hint: The package was installed by debian.
2026-02-11T15:10:54.7786613Z WARNING: The directory '/github/home/.cache/pip' or its parent directory is not owned or is not writable by the current user. The cache has been disabled. Check the permissions and owner of that directory. If executing pip with sudo, you should use sudo's -H flag.
2026-02-11T15:10:54.7826537Z error: externally-managed-environment
2026-02-11T15:10:54.7826867Z 
2026-02-11T15:10:54.7827243Z × This environment is externally managed
2026-02-11T15:10:54.7827894Z ╰─> To install Python packages system-wide, try apt install
2026-02-11T15:10:54.7828821Z     python3-xyz, where xyz is the package you are trying to
2026-02-11T15:10:54.7829499Z     install.
2026-02-11T15:10:54.7829728Z     
2026-02-11T15:10:54.7830084Z     If you wish to install a non-Debian-packaged Python package,
2026-02-11T15:10:54.7830733Z     create a virtual environment using python3 -m venv path/to/venv.
2026-02-11T15:10:54.7831388Z     Then use path/to/venv/bin/python and path/to/venv/bin/pip. Make
2026-02-11T15:10:54.7831917Z     sure you have python3-full installed.
2026-02-11T15:10:54.7832256Z     
2026-02-11T15:10:54.7832605Z     If you wish to install a non-Debian packaged Python application,
2026-02-11T15:10:54.7833185Z     it may be easiest to use pipx install xyz, which will manage a
2026-02-11T15:10:54.7833790Z     virtual environment for you. Make sure you have pipx installed.
2026-02-11T15:10:54.7834241Z     
2026-02-11T15:10:54.7834593Z     See /usr/share/doc/python3.12/README.venv for more information.
2026-02-11T15:10:54.7834967Z 
2026-02-11T15:10:54.7836034Z note: If you believe this is a mistake, please contact your Python installation or OS distribution provider. You can override this, at the risk of breaking your Python installation or OS, by passing --break-system-packages.
2026-02-11T15:10:54.7837446Z hint: See PEP 668 for the detailed specification.
2026-02-11T15:10:55.0750377Z WARNING: The directory '/github/home/.cache/pip' or its parent directory is not owned or is not writable by the current user. The cache has been disabled. Check the permissions and owner of that directory. If executing pip with sudo, you should use sudo's -H flag.
2026-02-11T15:10:55.1019296Z Obtaining file:///__w/ImunoEdge/ImunoEdge
2026-02-11T15:10:55.1040859Z   Installing build dependencies: started
2026-02-11T15:10:56.3890763Z   Installing build dependencies: finished with status 'done'
2026-02-11T15:10:56.3904512Z   Checking if build backend supports build_editable: started
2026-02-11T15:10:56.5243626Z   Checking if build backend supports build_editable: finished with status 'done'
2026-02-11T15:10:56.5275558Z ERROR: Exception:
2026-02-11T15:10:56.5275932Z Traceback (most recent call last):
2026-02-11T15:10:56.5276710Z   File "/usr/lib/python3/dist-packages/pip/_internal/cli/base_command.py", line 180, in exc_logging_wrapper
2026-02-11T15:10:56.5277246Z     status = run_func(*args)
2026-02-11T15:10:56.5277463Z              ^^^^^^^^^^^^^^^
2026-02-11T15:10:56.5277863Z   File "/usr/lib/python3/dist-packages/pip/_internal/cli/req_command.py", line 245, in wrapper
2026-02-11T15:10:56.5278326Z     return func(self, options, args)
2026-02-11T15:10:56.5278561Z            ^^^^^^^^^^^^^^^^^^^^^^^^^
2026-02-11T15:10:56.5278960Z   File "/usr/lib/python3/dist-packages/pip/_internal/commands/install.py", line 377, in run
2026-02-11T15:10:56.5279727Z     requirement_set = resolver.resolve(
2026-02-11T15:10:56.5279990Z                       ^^^^^^^^^^^^^^^^^
2026-02-11T15:10:56.5280494Z   File "/usr/lib/python3/dist-packages/pip/_internal/resolution/resolvelib/resolver.py", line 76, in resolve
2026-02-11T15:10:56.5281084Z     collected = self.factory.collect_root_requirements(root_reqs)
2026-02-11T15:10:56.5281436Z                 ^^^^^^^^^^^^^^^^^^^^^^^^^^^^^^^^^^^^^^^^^^^^^^^^^
2026-02-11T15:10:56.5282003Z   File "/usr/lib/python3/dist-packages/pip/_internal/resolution/resolvelib/factory.py", line 534, in collect_root_requirements
2026-02-11T15:10:56.5282559Z     reqs = list(
2026-02-11T15:10:56.5282755Z            ^^^^^
2026-02-11T15:10:56.5283285Z   File "/usr/lib/python3/dist-packages/pip/_internal/resolution/resolvelib/factory.py", line 490, in _make_requirements_from_install_req
2026-02-11T15:10:56.5283908Z     cand = self._make_base_candidate_from_link(
2026-02-11T15:10:56.5284192Z            ^^^^^^^^^^^^^^^^^^^^^^^^^^^^^^^^^^^^
2026-02-11T15:10:56.5284790Z   File "/usr/lib/python3/dist-packages/pip/_internal/resolution/resolvelib/factory.py", line 207, in _make_base_candidate_from_link
2026-02-11T15:10:56.5285452Z     self._editable_candidate_cache[link] = EditableCandidate(
2026-02-11T15:10:56.5286032Z                                            ^^^^^^^^^^^^^^^^^^
2026-02-11T15:10:56.5286559Z   File "/usr/lib/python3/dist-packages/pip/_internal/resolution/resolvelib/candidates.py", line 315, in __init__
2026-02-11T15:10:56.5287063Z     super().__init__(
2026-02-11T15:10:56.5287507Z   File "/usr/lib/python3/dist-packages/pip/_internal/resolution/resolvelib/candidates.py", line 156, in __init__
2026-02-11T15:10:56.5288015Z     self.dist = self._prepare()
2026-02-11T15:10:56.5288235Z                 ^^^^^^^^^^^^^^^
2026-02-11T15:10:56.5288691Z   File "/usr/lib/python3/dist-packages/pip/_internal/resolution/resolvelib/candidates.py", line 222, in _prepare
2026-02-11T15:10:56.5289327Z     dist = self._prepare_distribution()
2026-02-11T15:10:56.5289576Z            ^^^^^^^^^^^^^^^^^^^^^^^^^^^^
2026-02-11T15:10:56.5290106Z   File "/usr/lib/python3/dist-packages/pip/_internal/resolution/resolvelib/candidates.py", line 325, in _prepare_distribution
2026-02-11T15:10:56.5290801Z     return self._factory.preparer.prepare_editable_requirement(self._ireq)
2026-02-11T15:10:56.5291196Z            ^^^^^^^^^^^^^^^^^^^^^^^^^^^^^^^^^^^^^^^^^^^^^^^^^^^^^^^^^^^^^^^
2026-02-11T15:10:56.5291749Z   File "/usr/lib/python3/dist-packages/pip/_internal/operations/prepare.py", line 696, in prepare_editable_requirement
2026-02-11T15:10:56.5292291Z     dist = _get_prepared_distribution(
2026-02-11T15:10:56.5292525Z            ^^^^^^^^^^^^^^^^^^^^^^^^^^^
2026-02-11T15:10:56.5293011Z   File "/usr/lib/python3/dist-packages/pip/_internal/operations/prepare.py", line 71, in _get_prepared_distribution
2026-02-11T15:10:56.5293567Z     abstract_dist.prepare_distribution_metadata(
2026-02-11T15:10:56.5294102Z   File "/usr/lib/python3/dist-packages/pip/_internal/distributions/sdist.py", line 52, in prepare_distribution_metadata
2026-02-11T15:10:56.5294620Z     self.req.isolated_editable_sanity_check()
2026-02-11T15:10:56.5295267Z   File "/usr/lib/python3/dist-packages/pip/_internal/req/req_install.py", line 545, in isolated_editable_sanity_check
2026-02-11T15:10:56.5295780Z     and not self.supports_pyproject_editable()
2026-02-11T15:10:56.5296024Z             ^^^^^^^^^^^^^^^^^^^^^^^^^^^^^^^^^^
2026-02-11T15:10:56.5296482Z   File "/usr/lib/python3/dist-packages/pip/_internal/req/req_install.py", line 257, in supports_pyproject_editable
2026-02-11T15:10:56.5297048Z     return "build_editable" in self.pep517_backend._supported_features()
2026-02-11T15:10:56.5297406Z                                ^^^^^^^^^^^^^^^^^^^^^^^^^^^^^^^^^^^^^^^^^
2026-02-11T15:10:56.5297883Z   File "/usr/lib/python3/dist-packages/pip/_vendor/pyproject_hooks/_impl.py", line 153, in _supported_features
2026-02-11T15:10:56.5298385Z     return self._call_hook('_supported_features', {})
2026-02-11T15:10:56.5298664Z            ^^^^^^^^^^^^^^^^^^^^^^^^^^^^^^^^^^^^^^^^^^
2026-02-11T15:10:56.5299188Z   File "/usr/lib/python3/dist-packages/pip/_vendor/pyproject_hooks/_impl.py", line 321, in _call_hook
2026-02-11T15:10:56.5299678Z     raise BackendUnavailable(data.get('traceback', ''))
2026-02-11T15:10:56.5300119Z pip._vendor.pyproject_hooks._impl.BackendUnavailable: Traceback (most recent call last):
2026-02-11T15:10:56.5300777Z   File "/usr/lib/python3/dist-packages/pip/_vendor/pyproject_hooks/_in_process/_in_process.py", line 77, in _build_backend
2026-02-11T15:10:56.5301282Z     obj = import_module(mod_path)
2026-02-11T15:10:56.5301495Z           ^^^^^^^^^^^^^^^^^^^^^^^
2026-02-11T15:10:56.5301801Z   File "/usr/lib/python3.12/importlib/__init__.py", line 90, in import_module
2026-02-11T15:10:56.5302207Z     return _bootstrap._gcd_import(name[level:], package, level)
2026-02-11T15:10:56.5302524Z            ^^^^^^^^^^^^^^^^^^^^^^^^^^^^^^^^^^^^^^^^^^^^^^^^^^^^
2026-02-11T15:10:56.5302848Z   File "<frozen importlib._bootstrap>", line 1387, in _gcd_import
2026-02-11T15:10:56.5303261Z   File "<frozen importlib._bootstrap>", line 1360, in _find_and_load
2026-02-11T15:10:56.5303678Z   File "<frozen importlib._bootstrap>", line 1310, in _find_and_load_unlocked
2026-02-11T15:10:56.5304124Z   File "<frozen importlib._bootstrap>", line 488, in _call_with_frames_removed
2026-02-11T15:10:56.5304666Z   File "<frozen importlib._bootstrap>", line 1387, in _gcd_import
2026-02-11T15:10:56.5305109Z   File "<frozen importlib._bootstrap>", line 1360, in _find_and_load
2026-02-11T15:10:56.5305533Z   File "<frozen importlib._bootstrap>", line 1324, in _find_and_load_unlocked
2026-02-11T15:10:56.5305953Z ModuleNotFoundError: No module named 'setuptools.backends'
2026-02-11T15:10:56.5306190Z 
2026-02-11T15:10:56.8469743Z WARNING: The directory '/github/home/.cache/pip' or its parent directory is not owned or is not writable by the current user. The cache has been disabled. Check the permissions and owner of that directory. If executing pip with sudo, you should use sudo's -H flag.
2026-02-11T15:10:56.8509750Z error: externally-managed-environment
2026-02-11T15:10:56.8510100Z 
2026-02-11T15:10:56.8510573Z × This environment is externally managed
2026-02-11T15:10:56.8511182Z ╰─> To install Python packages system-wide, try apt install
2026-02-11T15:10:56.8511771Z     python3-xyz, where xyz is the package you are trying to
2026-02-11T15:10:56.8512225Z     install.
2026-02-11T15:10:56.8512446Z     
2026-02-11T15:10:56.8512794Z     If you wish to install a non-Debian-packaged Python package,
2026-02-11T15:10:56.8513415Z     create a virtual environment using python3 -m venv path/to/venv.
2026-02-11T15:10:56.8514044Z     Then use path/to/venv/bin/python and path/to/venv/bin/pip. Make
2026-02-11T15:10:56.8514584Z     sure you have python3-full installed.
2026-02-11T15:10:56.8514928Z     
2026-02-11T15:10:56.8530144Z     If you wish to install a non-Debian packaged Python application,
2026-02-11T15:10:56.8530830Z     it may be easiest to use pipx install xyz, which will manage a
2026-02-11T15:10:56.8531426Z     virtual environment for you. Make sure you have pipx installed.
2026-02-11T15:10:56.8532251Z     
2026-02-11T15:10:56.8532603Z     See /usr/share/doc/python3.12/README.venv for more information.
2026-02-11T15:10:56.8533031Z 
2026-02-11T15:10:56.8534057Z note: If you believe this is a mistake, please contact your Python installation or OS distribution provider. You can override this, at the risk of breaking your Python installation or OS, by passing --break-system-packages.
2026-02-11T15:10:56.8535403Z hint: See PEP 668 for the detailed specification.
2026-02-11T15:10:56.8918777Z ##[error]Process completed with exit code 1.
