2026-02-11T15:10:49.2461211Z ##[group]Run python3 -m pip install --upgrade pip --break-system-packages || python3 -m pip install --upgrade pip || true
2026-02-11T15:10:49.2462423Z [36;1mpython3 -m pip install --upgrade pip --break-system-packages || python3 -m pip install --upgrade pip || true[0m
2026-02-11T15:10:49.2463105Z [36;1mpython3 -m pip install -e . --break-system-packages || python3 -m pip install -e .[0m
2026-02-11T15:10:49.2463602Z shell: sh -e {0}
2026-02-11T15:10:49.2463800Z env:
2026-02-11T15:10:49.2463984Z   PYTHON_VERSION_DEFAULT: 3.11
2026-02-11T15:10:49.2464208Z ##[endgroup]
2026-02-11T15:10:49.5395578Z WARNING: The directory '/github/home/.cache/pip' or its parent directory is not owned or is not writable by the current user. The cache has been disabled. Check the permissions and owner of that directory. If executing pip with sudo, you should use sudo's -H flag.
2026-02-11T15:10:49.5806779Z Requirement already satisfied: pip in /usr/lib/python3.13/site-packages (24.3.1)
2026-02-11T15:10:49.6831586Z Collecting pip
2026-02-11T15:10:49.7319593Z   Downloading pip-26.0.1-py3-none-any.whl.metadata (4.7 kB)
2026-02-11T15:10:49.7482450Z Downloading pip-26.0.1-py3-none-any.whl (1.8 MB)
2026-02-11T15:10:49.8117871Z    ━━━━━━━━━━━━━━━━━━━━━━━━━━━━━━━━━━━━━━━━ 1.8/1.8 MB 54.6 MB/s eta 0:00:00
2026-02-11T15:10:49.8252341Z Installing collected packages: pip
2026-02-11T15:10:50.5745928Z Successfully installed pip-26.0.1
2026-02-11T15:10:50.5748534Z WARNING: Running pip as the 'root' user can result in broken permissions and conflicting behaviour with the system package manager, possibly rendering your system unusable.It is recommended to use a virtual environment instead: https://pip.pypa.io/warnings/venv. Use the --root-user-action option if you know what you are doing and want to suppress this warning.
2026-02-11T15:10:50.9449166Z WARNING: The directory '/github/home/.cache/pip' or its parent directory is not owned or is not writable by the current user. The cache has been disabled. Check the permissions and owner of that directory. If executing pip with sudo, you should use sudo's -H flag.
2026-02-11T15:10:50.9785438Z Obtaining file:///__w/ImunoEdge/ImunoEdge
2026-02-11T15:10:50.9804039Z   Installing build dependencies: started
2026-02-11T15:10:51.6516189Z   Installing build dependencies: finished with status 'done'
2026-02-11T15:10:51.6521933Z   Checking if build backend supports build_editable: started
2026-02-11T15:10:51.8995605Z   Checking if build backend supports build_editable: finished with status 'done'
2026-02-11T15:10:51.9883390Z ERROR: Exception:
2026-02-11T15:10:51.9883789Z Traceback (most recent call last):
2026-02-11T15:10:51.9884546Z   File "/usr/local/lib/python3.13/site-packages/pip/_internal/cli/base_command.py", line 107, in _run_wrapper
2026-02-11T15:10:51.9885072Z     status = _inner_run()
2026-02-11T15:10:51.9885527Z   File "/usr/local/lib/python3.13/site-packages/pip/_internal/cli/base_command.py", line 98, in _inner_run
2026-02-11T15:10:51.9885991Z     return self.run(options, args)
2026-02-11T15:10:51.9886251Z            ~~~~~~~~^^^^^^^^^^^^^^^
2026-02-11T15:10:51.9886701Z   File "/usr/local/lib/python3.13/site-packages/pip/_internal/cli/req_command.py", line 96, in wrapper
2026-02-11T15:10:51.9887147Z     return func(self, options, args)
2026-02-11T15:10:51.9887583Z   File "/usr/local/lib/python3.13/site-packages/pip/_internal/commands/install.py", line 392, in run
2026-02-11T15:10:51.9888008Z     requirement_set = resolver.resolve(
2026-02-11T15:10:51.9888608Z         reqs, check_supported_wheels=not options.target_dir
2026-02-11T15:10:51.9888883Z     )
2026-02-11T15:10:51.9889297Z   File "/usr/local/lib/python3.13/site-packages/pip/_internal/resolution/resolvelib/resolver.py", line 79, in resolve
2026-02-11T15:10:51.9889884Z     collected = self.factory.collect_root_requirements(root_reqs)
2026-02-11T15:10:51.9890494Z   File "/usr/local/lib/python3.13/site-packages/pip/_internal/resolution/resolvelib/factory.py", line 538, in collect_root_requirements
2026-02-11T15:10:51.9891023Z     reqs = list(
2026-02-11T15:10:51.9891450Z         self._make_requirements_from_install_req(
2026-02-11T15:10:51.9891951Z     ...<2 lines>...
2026-02-11T15:10:51.9892125Z         )
2026-02-11T15:10:51.9892285Z     )
2026-02-11T15:10:51.9892794Z   File "/usr/local/lib/python3.13/site-packages/pip/_internal/resolution/resolvelib/factory.py", line 494, in _make_requirements_from_install_req
2026-02-11T15:10:51.9893377Z     cand = self._make_base_candidate_from_link(
2026-02-11T15:10:51.9893640Z         ireq.link,
2026-02-11T15:10:51.9893807Z     ...<2 lines>...
2026-02-11T15:10:51.9893982Z         version=None,
2026-02-11T15:10:51.9894161Z     )
2026-02-11T15:10:51.9894629Z   File "/usr/local/lib/python3.13/site-packages/pip/_internal/resolution/resolvelib/factory.py", line 205, in _make_base_candidate_from_link
2026-02-11T15:10:51.9895228Z     self._editable_candidate_cache[link] = EditableCandidate(
2026-02-11T15:10:51.9895546Z                                            ~~~~~~~~~~~~~~~~~^
2026-02-11T15:10:51.9895783Z         link,
2026-02-11T15:10:51.9895946Z         ^^^^^
2026-02-11T15:10:51.9896146Z     ...<3 lines>...
2026-02-11T15:10:51.9896321Z         version=version,
2026-02-11T15:10:51.9896516Z         ^^^^^^^^^^^^^^^^
2026-02-11T15:10:51.9896685Z     )
2026-02-11T15:10:51.9896834Z     ^
2026-02-11T15:10:51.9897243Z   File "/usr/local/lib/python3.13/site-packages/pip/_internal/resolution/resolvelib/candidates.py", line 343, in __init__
2026-02-11T15:10:51.9897712Z     super().__init__(
2026-02-11T15:10:51.9897901Z     ~~~~~~~~~~~~~~~~^
2026-02-11T15:10:51.9898069Z         link=link,
2026-02-11T15:10:51.9898240Z         ^^^^^^^^^^
2026-02-11T15:10:51.9898396Z     ...<4 lines>...
2026-02-11T15:10:51.9898568Z         version=version,
2026-02-11T15:10:51.9898747Z         ^^^^^^^^^^^^^^^^
2026-02-11T15:10:51.9898923Z     )
2026-02-11T15:10:51.9899062Z     ^
2026-02-11T15:10:51.9899451Z   File "/usr/local/lib/python3.13/site-packages/pip/_internal/resolution/resolvelib/candidates.py", line 161, in __init__
2026-02-11T15:10:51.9899931Z     self.dist = self._prepare()
2026-02-11T15:10:51.9900141Z                 ~~~~~~~~~~~~~^^
2026-02-11T15:10:51.9900574Z   File "/usr/local/lib/python3.13/site-packages/pip/_internal/resolution/resolvelib/candidates.py", line 238, in _prepare
2026-02-11T15:10:51.9901060Z     dist = self._prepare_distribution()
2026-02-11T15:10:51.9901596Z   File "/usr/local/lib/python3.13/site-packages/pip/_internal/resolution/resolvelib/candidates.py", line 353, in _prepare_distribution
2026-02-11T15:10:51.9902360Z     return self._factory.preparer.prepare_editable_requirement(self._ireq)
2026-02-11T15:10:51.9902752Z            ~~~~~~~~~~~~~~~~~~~~~~~~~~~~~~~~~~~~~~~~~~~~~~~~~~~^^^^^^^^^^^^
2026-02-11T15:10:51.9903296Z   File "/usr/local/lib/python3.13/site-packages/pip/_internal/operations/prepare.py", line 713, in prepare_editable_requirement
2026-02-11T15:10:51.9903807Z     dist = _get_prepared_distribution(
2026-02-11T15:10:51.9904039Z         req,
2026-02-11T15:10:51.9904201Z     ...<3 lines>...
2026-02-11T15:10:51.9904404Z         self.check_build_deps,
2026-02-11T15:10:51.9904602Z     )
2026-02-11T15:10:51.9905019Z   File "/usr/local/lib/python3.13/site-packages/pip/_internal/operations/prepare.py", line 77, in _get_prepared_distribution
2026-02-11T15:10:51.9905535Z     abstract_dist.prepare_distribution_metadata(
2026-02-11T15:10:51.9905808Z     ~~~~~~~~~~~~~~~~~~~~~~~~~~~~~~~~~~~~~~~~~~~^
2026-02-11T15:10:51.9906105Z         build_env_installer, build_isolation, check_build_deps
2026-02-11T15:10:51.9906595Z         ^^^^^^^^^^^^^^^^^^^^^^^^^^^^^^^^^^^^^^^^^^^^^^^^^^^^^^
2026-02-11T15:10:51.9906840Z     )
2026-02-11T15:10:51.9906988Z     ^
2026-02-11T15:10:51.9907411Z   File "/usr/local/lib/python3.13/site-packages/pip/_internal/distributions/sdist.py", line 53, in prepare_distribution_metadata
2026-02-11T15:10:51.9907926Z     self.req.editable_sanity_check()
2026-02-11T15:10:51.9908146Z     ~~~~~~~~~~~~~~~~~~~~~~~~~~~~~~^^
2026-02-11T15:10:51.9908584Z   File "/usr/local/lib/python3.13/site-packages/pip/_internal/req/req_install.py", line 501, in editable_sanity_check
2026-02-11T15:10:51.9909251Z     if self.editable and not self.supports_pyproject_editable:
2026-02-11T15:10:51.9909570Z                              ^^^^^^^^^^^^^^^^^^^^^^^^^^^^^^^^
2026-02-11T15:10:51.9909895Z   File "/usr/lib64/python3.13/functools.py", line 1025, in __get__
2026-02-11T15:10:51.9910199Z     val = self.func(instance)
2026-02-11T15:10:51.9910662Z   File "/usr/local/lib/python3.13/site-packages/pip/_internal/req/req_install.py", line 237, in supports_pyproject_editable
2026-02-11T15:10:51.9911235Z     return "build_editable" in self.pep517_backend._supported_features()
2026-02-11T15:10:51.9911594Z                                ~~~~~~~~~~~~~~~~~~~~~~~~~~~~~~~~~~~~~~~^^
2026-02-11T15:10:51.9912199Z   File "/usr/local/lib/python3.13/site-packages/pip/_vendor/pyproject_hooks/_impl.py", line 180, in _supported_features
2026-02-11T15:10:51.9912726Z     return self._call_hook("_supported_features", {})
2026-02-11T15:10:51.9913010Z            ~~~~~~~~~~~~~~~^^^^^^^^^^^^^^^^^^^^^^^^^^^
2026-02-11T15:10:51.9913454Z   File "/usr/local/lib/python3.13/site-packages/pip/_vendor/pyproject_hooks/_impl.py", line 402, in _call_hook
2026-02-11T15:10:51.9913904Z     raise BackendUnavailable(
2026-02-11T15:10:51.9914113Z     ...<4 lines>...
2026-02-11T15:10:51.9914293Z     )
2026-02-11T15:10:51.9914654Z pip._vendor.pyproject_hooks._impl.BackendUnavailable: Cannot import 'setuptools.backends._legacy'
2026-02-11T15:10:52.2730148Z WARNING: The directory '/github/home/.cache/pip' or its parent directory is not owned or is not writable by the current user. The cache has been disabled. Check the permissions and owner of that directory. If executing pip with sudo, you should use sudo's -H flag.
2026-02-11T15:10:52.3066999Z Obtaining file:///__w/ImunoEdge/ImunoEdge
2026-02-11T15:10:52.3085485Z   Installing build dependencies: started
2026-02-11T15:10:52.9484914Z   Installing build dependencies: finished with status 'done'
2026-02-11T15:10:52.9490244Z   Checking if build backend supports build_editable: started
2026-02-11T15:10:53.2012890Z   Checking if build backend supports build_editable: finished with status 'done'
2026-02-11T15:10:53.2982679Z ERROR: Exception:
2026-02-11T15:10:53.2983114Z Traceback (most recent call last):
2026-02-11T15:10:53.2983872Z   File "/usr/local/lib/python3.13/site-packages/pip/_internal/cli/base_command.py", line 107, in _run_wrapper
2026-02-11T15:10:53.2984621Z     status = _inner_run()
2026-02-11T15:10:53.2985299Z   File "/usr/local/lib/python3.13/site-packages/pip/_internal/cli/base_command.py", line 98, in _inner_run
2026-02-11T15:10:53.2986011Z     return self.run(options, args)
2026-02-11T15:10:53.2986359Z            ~~~~~~~~^^^^^^^^^^^^^^^
2026-02-11T15:10:53.2987001Z   File "/usr/local/lib/python3.13/site-packages/pip/_internal/cli/req_command.py", line 96, in wrapper
2026-02-11T15:10:53.2987690Z     return func(self, options, args)
2026-02-11T15:10:53.2988347Z   File "/usr/local/lib/python3.13/site-packages/pip/_internal/commands/install.py", line 392, in run
2026-02-11T15:10:53.2989060Z     requirement_set = resolver.resolve(
2026-02-11T15:10:53.2989520Z         reqs, check_supported_wheels=not options.target_dir
2026-02-11T15:10:53.2989946Z     )
2026-02-11T15:10:53.2990586Z   File "/usr/local/lib/python3.13/site-packages/pip/_internal/resolution/resolvelib/resolver.py", line 79, in resolve
2026-02-11T15:10:53.2991500Z     collected = self.factory.collect_root_requirements(root_reqs)
2026-02-11T15:10:53.2993140Z   File "/usr/local/lib/python3.13/site-packages/pip/_internal/resolution/resolvelib/factory.py", line 538, in collect_root_requirements
2026-02-11T15:10:53.2994003Z     reqs = list(
2026-02-11T15:10:53.2994326Z         self._make_requirements_from_install_req(
2026-02-11T15:10:53.2994715Z     ...<2 lines>...
2026-02-11T15:10:53.2994983Z         )
2026-02-11T15:10:53.2995204Z     )
2026-02-11T15:10:53.2995988Z   File "/usr/local/lib/python3.13/site-packages/pip/_internal/resolution/resolvelib/factory.py", line 494, in _make_requirements_from_install_req
2026-02-11T15:10:53.2997122Z     cand = self._make_base_candidate_from_link(
2026-02-11T15:10:53.2997514Z         ireq.link,
2026-02-11T15:10:53.2997773Z     ...<2 lines>...
2026-02-11T15:10:53.2998035Z         version=None,
2026-02-11T15:10:53.2998308Z     )
2026-02-11T15:10:53.2999046Z   File "/usr/local/lib/python3.13/site-packages/pip/_internal/resolution/resolvelib/factory.py", line 205, in _make_base_candidate_from_link
2026-02-11T15:10:53.3000046Z     self._editable_candidate_cache[link] = EditableCandidate(
2026-02-11T15:10:53.3000532Z                                            ~~~~~~~~~~~~~~~~~^
2026-02-11T15:10:53.3000901Z         link,
2026-02-11T15:10:53.3001134Z         ^^^^^
2026-02-11T15:10:53.3001374Z     ...<3 lines>...
2026-02-11T15:10:53.3001637Z         version=version,
2026-02-11T15:10:53.3002092Z         ^^^^^^^^^^^^^^^^
2026-02-11T15:10:53.3002367Z     )
2026-02-11T15:10:53.3002581Z     ^
2026-02-11T15:10:53.3003240Z   File "/usr/local/lib/python3.13/site-packages/pip/_internal/resolution/resolvelib/candidates.py", line 343, in __init__
2026-02-11T15:10:53.3004021Z     super().__init__(
2026-02-11T15:10:53.3004302Z     ~~~~~~~~~~~~~~~~^
2026-02-11T15:10:53.3004561Z         link=link,
2026-02-11T15:10:53.3004820Z         ^^^^^^^^^^
2026-02-11T15:10:53.3005062Z     ...<4 lines>...
2026-02-11T15:10:53.3005339Z         version=version,
2026-02-11T15:10:53.3005622Z         ^^^^^^^^^^^^^^^^
2026-02-11T15:10:53.3005937Z     )
2026-02-11T15:10:53.3006163Z     ^
2026-02-11T15:10:53.3006805Z   File "/usr/local/lib/python3.13/site-packages/pip/_internal/resolution/resolvelib/candidates.py", line 161, in __init__
2026-02-11T15:10:53.3007608Z     self.dist = self._prepare()
2026-02-11T15:10:53.3007929Z                 ~~~~~~~~~~~~~^^
2026-02-11T15:10:53.3008650Z   File "/usr/local/lib/python3.13/site-packages/pip/_internal/resolution/resolvelib/candidates.py", line 238, in _prepare
2026-02-11T15:10:53.3009446Z     dist = self._prepare_distribution()
2026-02-11T15:10:53.3010299Z   File "/usr/local/lib/python3.13/site-packages/pip/_internal/resolution/resolvelib/candidates.py", line 353, in _prepare_distribution
2026-02-11T15:10:53.3011359Z     return self._factory.preparer.prepare_editable_requirement(self._ireq)
2026-02-11T15:10:53.3012129Z            ~~~~~~~~~~~~~~~~~~~~~~~~~~~~~~~~~~~~~~~~~~~~~~~~~~~^^^^^^^^^^^^
2026-02-11T15:10:53.3013014Z   File "/usr/local/lib/python3.13/site-packages/pip/_internal/operations/prepare.py", line 713, in prepare_editable_requirement
2026-02-11T15:10:53.3013858Z     dist = _get_prepared_distribution(
2026-02-11T15:10:53.3014203Z         req,
2026-02-11T15:10:53.3014455Z     ...<3 lines>...
2026-02-11T15:10:53.3014732Z         self.check_build_deps,
2026-02-11T15:10:53.3015046Z     )
2026-02-11T15:10:53.3015695Z   File "/usr/local/lib/python3.13/site-packages/pip/_internal/operations/prepare.py", line 77, in _get_prepared_distribution
2026-02-11T15:10:53.3016553Z     abstract_dist.prepare_distribution_metadata(
2026-02-11T15:10:53.3016972Z     ~~~~~~~~~~~~~~~~~~~~~~~~~~~~~~~~~~~~~~~~~~~^
2026-02-11T15:10:53.3017437Z         build_env_installer, build_isolation, check_build_deps
2026-02-11T15:10:53.3017926Z         ^^^^^^^^^^^^^^^^^^^^^^^^^^^^^^^^^^^^^^^^^^^^^^^^^^^^^^
2026-02-11T15:10:53.3018314Z     )
2026-02-11T15:10:53.3018535Z     ^
2026-02-11T15:10:53.3019237Z   File "/usr/local/lib/python3.13/site-packages/pip/_internal/distributions/sdist.py", line 53, in prepare_distribution_metadata
2026-02-11T15:10:53.3020303Z     self.req.editable_sanity_check()
2026-02-11T15:10:53.3020649Z     ~~~~~~~~~~~~~~~~~~~~~~~~~~~~~~^^
2026-02-11T15:10:53.3021354Z   File "/usr/local/lib/python3.13/site-packages/pip/_internal/req/req_install.py", line 501, in editable_sanity_check
2026-02-11T15:10:53.3022437Z     if self.editable and not self.supports_pyproject_editable:
2026-02-11T15:10:53.3022926Z                              ^^^^^^^^^^^^^^^^^^^^^^^^^^^^^^^^
2026-02-11T15:10:53.3023439Z   File "/usr/lib64/python3.13/functools.py", line 1025, in __get__
2026-02-11T15:10:53.3024147Z     val = self.func(instance)
2026-02-11T15:10:53.3024878Z   File "/usr/local/lib/python3.13/site-packages/pip/_internal/req/req_install.py", line 237, in supports_pyproject_editable
2026-02-11T15:10:53.3025805Z     return "build_editable" in self.pep517_backend._supported_features()
2026-02-11T15:10:53.3026366Z                                ~~~~~~~~~~~~~~~~~~~~~~~~~~~~~~~~~~~~~~~^^
2026-02-11T15:10:53.3027164Z   File "/usr/local/lib/python3.13/site-packages/pip/_vendor/pyproject_hooks/_impl.py", line 180, in _supported_features
2026-02-11T15:10:53.3027999Z     return self._call_hook("_supported_features", {})
2026-02-11T15:10:53.3028449Z            ~~~~~~~~~~~~~~~^^^^^^^^^^^^^^^^^^^^^^^^^^^
2026-02-11T15:10:53.3029161Z   File "/usr/local/lib/python3.13/site-packages/pip/_vendor/pyproject_hooks/_impl.py", line 402, in _call_hook
2026-02-11T15:10:53.3029888Z     raise BackendUnavailable(
2026-02-11T15:10:53.3030196Z     ...<4 lines>...
2026-02-11T15:10:53.3030458Z     )
2026-02-11T15:10:53.3031028Z pip._vendor.pyproject_hooks._impl.BackendUnavailable: Cannot import 'setuptools.backends._legacy'
2026-02-11T15:10:53.3598622Z ##[error]Process completed with exit code 2.
