2026-02-11T15:30:57.5243251Z ##[group]Run python3 -m pip install --upgrade pip --break-system-packages || python3 -m pip install --upgrade pip || true
2026-02-11T15:30:57.5244208Z [36;1mpython3 -m pip install --upgrade pip --break-system-packages || python3 -m pip install --upgrade pip || true[0m
2026-02-11T15:30:57.5245022Z [36;1mpython3 -m pip install setuptools wheel --break-system-packages || python3 -m pip install setuptools wheel || true[0m
2026-02-11T15:30:57.5245715Z [36;1mpython3 -m pip install -e . --break-system-packages || python3 -m pip install -e .[0m
2026-02-11T15:30:57.5246258Z shell: sh -e {0}
2026-02-11T15:30:57.5246428Z env:
2026-02-11T15:30:57.5246599Z   PYTHON_VERSION_DEFAULT: 3.11
2026-02-11T15:30:57.5246816Z ##[endgroup]
2026-02-11T15:30:57.8170562Z WARNING: The directory '/github/home/.cache/pip' or its parent directory is not owned or is not writable by the current user. The cache has been disabled. Check the permissions and owner of that directory. If executing pip with sudo, you should use sudo's -H flag.
2026-02-11T15:30:57.8598518Z Requirement already satisfied: pip in /usr/lib/python3.13/site-packages (24.3.1)
2026-02-11T15:30:57.9254014Z Collecting pip
2026-02-11T15:30:57.9435500Z   Downloading pip-26.0.1-py3-none-any.whl.metadata (4.7 kB)
2026-02-11T15:30:57.9494823Z Downloading pip-26.0.1-py3-none-any.whl (1.8 MB)
2026-02-11T15:30:57.9652512Z    ━━━━━━━━━━━━━━━━━━━━━━━━━━━━━━━━━━━━━━━━ 1.8/1.8 MB 245.5 MB/s eta 0:00:00
2026-02-11T15:30:57.9790683Z Installing collected packages: pip
2026-02-11T15:30:58.7324201Z Successfully installed pip-26.0.1
2026-02-11T15:30:58.7327591Z WARNING: Running pip as the 'root' user can result in broken permissions and conflicting behaviour with the system package manager, possibly rendering your system unusable.It is recommended to use a virtual environment instead: https://pip.pypa.io/warnings/venv. Use the --root-user-action option if you know what you are doing and want to suppress this warning.
2026-02-11T15:30:59.0798579Z WARNING: The directory '/github/home/.cache/pip' or its parent directory is not owned or is not writable by the current user. The cache has been disabled. Check the permissions and owner of that directory. If executing pip with sudo, you should use sudo's -H flag.
2026-02-11T15:30:59.2407057Z Collecting setuptools
2026-02-11T15:30:59.2629909Z   Downloading setuptools-82.0.0-py3-none-any.whl.metadata (6.6 kB)
2026-02-11T15:30:59.2827001Z Collecting wheel
2026-02-11T15:30:59.2855265Z   Downloading wheel-0.46.3-py3-none-any.whl.metadata (2.4 kB)
2026-02-11T15:30:59.2962209Z Collecting packaging>=24.0 (from wheel)
2026-02-11T15:30:59.2989411Z   Downloading packaging-26.0-py3-none-any.whl.metadata (3.3 kB)
2026-02-11T15:30:59.3036992Z Downloading setuptools-82.0.0-py3-none-any.whl (1.0 MB)
2026-02-11T15:30:59.3223557Z    ━━━━━━━━━━━━━━━━━━━━━━━━━━━━━━━━━━━━━━━━ 1.0/1.0 MB 112.3 MB/s  0:00:00
2026-02-11T15:30:59.3251036Z Downloading wheel-0.46.3-py3-none-any.whl (30 kB)
2026-02-11T15:30:59.3281701Z Downloading packaging-26.0-py3-none-any.whl (74 kB)
2026-02-11T15:30:59.3416322Z Installing collected packages: setuptools, packaging, wheel
2026-02-11T15:30:59.9589432Z 
2026-02-11T15:30:59.9600619Z Successfully installed packaging-26.0 setuptools-82.0.0 wheel-0.46.3
2026-02-11T15:30:59.9604773Z WARNING: Running pip as the 'root' user can result in broken permissions and conflicting behaviour with the system package manager, possibly rendering your system unusable. It is recommended to use a virtual environment instead: https://pip.pypa.io/warnings/venv. Use the --root-user-action option if you know what you are doing and want to suppress this warning.
2026-02-11T15:31:00.3994194Z WARNING: The directory '/github/home/.cache/pip' or its parent directory is not owned or is not writable by the current user. The cache has been disabled. Check the permissions and owner of that directory. If executing pip with sudo, you should use sudo's -H flag.
2026-02-11T15:31:00.4341770Z Obtaining file:///__w/ImunoEdge/ImunoEdge
2026-02-11T15:31:00.4360011Z   Installing build dependencies: started
2026-02-11T15:31:00.9993482Z   Installing build dependencies: finished with status 'done'
2026-02-11T15:31:00.9998068Z   Checking if build backend supports build_editable: started
2026-02-11T15:31:01.2399927Z   Checking if build backend supports build_editable: finished with status 'done'
2026-02-11T15:31:01.2981989Z ERROR: Exception:
2026-02-11T15:31:01.2982557Z Traceback (most recent call last):
2026-02-11T15:31:01.2983818Z   File "/usr/local/lib/python3.13/site-packages/pip/_internal/cli/base_command.py", line 107, in _run_wrapper
2026-02-11T15:31:01.2984865Z     status = _inner_run()
2026-02-11T15:31:01.2985731Z   File "/usr/local/lib/python3.13/site-packages/pip/_internal/cli/base_command.py", line 98, in _inner_run
2026-02-11T15:31:01.2986413Z     return self.run(options, args)
2026-02-11T15:31:01.2986717Z            ~~~~~~~~^^^^^^^^^^^^^^^
2026-02-11T15:31:01.2987294Z   File "/usr/local/lib/python3.13/site-packages/pip/_internal/cli/req_command.py", line 96, in wrapper
2026-02-11T15:31:01.2988065Z     return func(self, options, args)
2026-02-11T15:31:01.2988636Z   File "/usr/local/lib/python3.13/site-packages/pip/_internal/commands/install.py", line 392, in run
2026-02-11T15:31:01.2989267Z     requirement_set = resolver.resolve(
2026-02-11T15:31:01.2989660Z         reqs, check_supported_wheels=not options.target_dir
2026-02-11T15:31:01.2990029Z     )
2026-02-11T15:31:01.2990599Z   File "/usr/local/lib/python3.13/site-packages/pip/_internal/resolution/resolvelib/resolver.py", line 79, in resolve
2026-02-11T15:31:01.2991421Z     collected = self.factory.collect_root_requirements(root_reqs)
2026-02-11T15:31:01.2992285Z   File "/usr/local/lib/python3.13/site-packages/pip/_internal/resolution/resolvelib/factory.py", line 538, in collect_root_requirements
2026-02-11T15:31:01.2993219Z     reqs = list(
2026-02-11T15:31:01.2993494Z         self._make_requirements_from_install_req(
2026-02-11T15:31:01.2993825Z     ...<2 lines>...
2026-02-11T15:31:01.2994039Z         )
2026-02-11T15:31:01.2994223Z     )
2026-02-11T15:31:01.2994937Z   File "/usr/local/lib/python3.13/site-packages/pip/_internal/resolution/resolvelib/factory.py", line 494, in _make_requirements_from_install_req
2026-02-11T15:31:01.2995783Z     cand = self._make_base_candidate_from_link(
2026-02-11T15:31:01.2996117Z         ireq.link,
2026-02-11T15:31:01.2996335Z     ...<2 lines>...
2026-02-11T15:31:01.2996564Z         version=None,
2026-02-11T15:31:01.2996786Z     )
2026-02-11T15:31:01.2997472Z   File "/usr/local/lib/python3.13/site-packages/pip/_internal/resolution/resolvelib/factory.py", line 205, in _make_base_candidate_from_link
2026-02-11T15:31:01.2998367Z     self._editable_candidate_cache[link] = EditableCandidate(
2026-02-11T15:31:01.2998786Z                                            ~~~~~~~~~~~~~~~~~^
2026-02-11T15:31:01.2999070Z         link,
2026-02-11T15:31:01.2999221Z         ^^^^^
2026-02-11T15:31:01.2999377Z     ...<3 lines>...
2026-02-11T15:31:01.2999547Z         version=version,
2026-02-11T15:31:01.2999738Z         ^^^^^^^^^^^^^^^^
2026-02-11T15:31:01.2999920Z     )
2026-02-11T15:31:01.3000061Z     ^
2026-02-11T15:31:01.3000505Z   File "/usr/local/lib/python3.13/site-packages/pip/_internal/resolution/resolvelib/candidates.py", line 343, in __init__
2026-02-11T15:31:01.3001023Z     super().__init__(
2026-02-11T15:31:01.3001201Z     ~~~~~~~~~~~~~~~~^
2026-02-11T15:31:01.3001371Z         link=link,
2026-02-11T15:31:01.3001536Z         ^^^^^^^^^^
2026-02-11T15:31:01.3001688Z     ...<4 lines>...
2026-02-11T15:31:01.3002167Z         version=version,
2026-02-11T15:31:01.3002350Z         ^^^^^^^^^^^^^^^^
2026-02-11T15:31:01.3002524Z     )
2026-02-11T15:31:01.3002657Z     ^
2026-02-11T15:31:01.3003377Z   File "/usr/local/lib/python3.13/site-packages/pip/_internal/resolution/resolvelib/candidates.py", line 161, in __init__
2026-02-11T15:31:01.3003939Z     self.dist = self._prepare()
2026-02-11T15:31:01.3004150Z                 ~~~~~~~~~~~~~^^
2026-02-11T15:31:01.3004630Z   File "/usr/local/lib/python3.13/site-packages/pip/_internal/resolution/resolvelib/candidates.py", line 238, in _prepare
2026-02-11T15:31:01.3005365Z     dist = self._prepare_distribution()
2026-02-11T15:31:01.3005945Z   File "/usr/local/lib/python3.13/site-packages/pip/_internal/resolution/resolvelib/candidates.py", line 353, in _prepare_distribution
2026-02-11T15:31:01.3006625Z     return self._factory.preparer.prepare_editable_requirement(self._ireq)
2026-02-11T15:31:01.3007023Z            ~~~~~~~~~~~~~~~~~~~~~~~~~~~~~~~~~~~~~~~~~~~~~~~~~~~^^^^^^^^^^^^
2026-02-11T15:31:01.3007608Z   File "/usr/local/lib/python3.13/site-packages/pip/_internal/operations/prepare.py", line 713, in prepare_editable_requirement
2026-02-11T15:31:01.3008151Z     dist = _get_prepared_distribution(
2026-02-11T15:31:01.3008383Z         req,
2026-02-11T15:31:01.3008535Z     ...<3 lines>...
2026-02-11T15:31:01.3008717Z         self.check_build_deps,
2026-02-11T15:31:01.3008912Z     )
2026-02-11T15:31:01.3009349Z   File "/usr/local/lib/python3.13/site-packages/pip/_internal/operations/prepare.py", line 77, in _get_prepared_distribution
2026-02-11T15:31:01.3009902Z     abstract_dist.prepare_distribution_metadata(
2026-02-11T15:31:01.3010179Z     ~~~~~~~~~~~~~~~~~~~~~~~~~~~~~~~~~~~~~~~~~~~^
2026-02-11T15:31:01.3010555Z         build_env_installer, build_isolation, check_build_deps
2026-02-11T15:31:01.3010867Z         ^^^^^^^^^^^^^^^^^^^^^^^^^^^^^^^^^^^^^^^^^^^^^^^^^^^^^^
2026-02-11T15:31:01.3011105Z     )
2026-02-11T15:31:01.3011247Z     ^
2026-02-11T15:31:01.3011701Z   File "/usr/local/lib/python3.13/site-packages/pip/_internal/distributions/sdist.py", line 53, in prepare_distribution_metadata
2026-02-11T15:31:01.3012261Z     self.req.editable_sanity_check()
2026-02-11T15:31:01.3012508Z     ~~~~~~~~~~~~~~~~~~~~~~~~~~~~~~^^
2026-02-11T15:31:01.3013109Z   File "/usr/local/lib/python3.13/site-packages/pip/_internal/req/req_install.py", line 501, in editable_sanity_check
2026-02-11T15:31:01.3013687Z     if self.editable and not self.supports_pyproject_editable:
2026-02-11T15:31:01.3014006Z                              ^^^^^^^^^^^^^^^^^^^^^^^^^^^^^^^^
2026-02-11T15:31:01.3014343Z   File "/usr/lib64/python3.13/functools.py", line 1025, in __get__
2026-02-11T15:31:01.3014657Z     val = self.func(instance)
2026-02-11T15:31:01.3015134Z   File "/usr/local/lib/python3.13/site-packages/pip/_internal/req/req_install.py", line 237, in supports_pyproject_editable
2026-02-11T15:31:01.3015742Z     return "build_editable" in self.pep517_backend._supported_features()
2026-02-11T15:31:01.3016116Z                                ~~~~~~~~~~~~~~~~~~~~~~~~~~~~~~~~~~~~~~~^^
2026-02-11T15:31:01.3016657Z   File "/usr/local/lib/python3.13/site-packages/pip/_vendor/pyproject_hooks/_impl.py", line 180, in _supported_features
2026-02-11T15:31:01.3017205Z     return self._call_hook("_supported_features", {})
2026-02-11T15:31:01.3017490Z            ~~~~~~~~~~~~~~~^^^^^^^^^^^^^^^^^^^^^^^^^^^
2026-02-11T15:31:01.3017963Z   File "/usr/local/lib/python3.13/site-packages/pip/_vendor/pyproject_hooks/_impl.py", line 402, in _call_hook
2026-02-11T15:31:01.3018455Z     raise BackendUnavailable(
2026-02-11T15:31:01.3018654Z     ...<4 lines>...
2026-02-11T15:31:01.3018819Z     )
2026-02-11T15:31:01.3019177Z pip._vendor.pyproject_hooks._impl.BackendUnavailable: Cannot import 'setuptools.backends._legacy'
2026-02-11T15:31:01.5830369Z WARNING: The directory '/github/home/.cache/pip' or its parent directory is not owned or is not writable by the current user. The cache has been disabled. Check the permissions and owner of that directory. If executing pip with sudo, you should use sudo's -H flag.
2026-02-11T15:31:01.6188221Z Obtaining file:///__w/ImunoEdge/ImunoEdge
2026-02-11T15:31:01.6206198Z   Installing build dependencies: started
2026-02-11T15:31:02.2004257Z   Installing build dependencies: finished with status 'done'
2026-02-11T15:31:02.2010185Z   Checking if build backend supports build_editable: started
2026-02-11T15:31:02.4527646Z   Checking if build backend supports build_editable: finished with status 'done'
2026-02-11T15:31:02.5111581Z ERROR: Exception:
2026-02-11T15:31:02.5112468Z Traceback (most recent call last):
2026-02-11T15:31:02.5113468Z   File "/usr/local/lib/python3.13/site-packages/pip/_internal/cli/base_command.py", line 107, in _run_wrapper
2026-02-11T15:31:02.5114125Z     status = _inner_run()
2026-02-11T15:31:02.5114668Z   File "/usr/local/lib/python3.13/site-packages/pip/_internal/cli/base_command.py", line 98, in _inner_run
2026-02-11T15:31:02.5115282Z     return self.run(options, args)
2026-02-11T15:31:02.5115582Z            ~~~~~~~~^^^^^^^^^^^^^^^
2026-02-11T15:31:02.5116110Z   File "/usr/local/lib/python3.13/site-packages/pip/_internal/cli/req_command.py", line 96, in wrapper
2026-02-11T15:31:02.5116710Z     return func(self, options, args)
2026-02-11T15:31:02.5117255Z   File "/usr/local/lib/python3.13/site-packages/pip/_internal/commands/install.py", line 392, in run
2026-02-11T15:31:02.5117847Z     requirement_set = resolver.resolve(
2026-02-11T15:31:02.5118225Z         reqs, check_supported_wheels=not options.target_dir
2026-02-11T15:31:02.5118592Z     )
2026-02-11T15:31:02.5119137Z   File "/usr/local/lib/python3.13/site-packages/pip/_internal/resolution/resolvelib/resolver.py", line 79, in resolve
2026-02-11T15:31:02.5119901Z     collected = self.factory.collect_root_requirements(root_reqs)
2026-02-11T15:31:02.5120749Z   File "/usr/local/lib/python3.13/site-packages/pip/_internal/resolution/resolvelib/factory.py", line 538, in collect_root_requirements
2026-02-11T15:31:02.5121488Z     reqs = list(
2026-02-11T15:31:02.5121749Z         self._make_requirements_from_install_req(
2026-02-11T15:31:02.5122122Z     ...<2 lines>...
2026-02-11T15:31:02.5122301Z         )
2026-02-11T15:31:02.5122462Z     )
2026-02-11T15:31:02.5123175Z   File "/usr/local/lib/python3.13/site-packages/pip/_internal/resolution/resolvelib/factory.py", line 494, in _make_requirements_from_install_req
2026-02-11T15:31:02.5123903Z     cand = self._make_base_candidate_from_link(
2026-02-11T15:31:02.5124189Z         ireq.link,
2026-02-11T15:31:02.5124374Z     ...<2 lines>...
2026-02-11T15:31:02.5124570Z         version=None,
2026-02-11T15:31:02.5124758Z     )
2026-02-11T15:31:02.5125323Z   File "/usr/local/lib/python3.13/site-packages/pip/_internal/resolution/resolvelib/factory.py", line 205, in _make_base_candidate_from_link
2026-02-11T15:31:02.5126051Z     self._editable_candidate_cache[link] = EditableCandidate(
2026-02-11T15:31:02.5126411Z                                            ~~~~~~~~~~~~~~~~~^
2026-02-11T15:31:02.5126683Z         link,
2026-02-11T15:31:02.5126853Z         ^^^^^
2026-02-11T15:31:02.5127042Z     ...<3 lines>...
2026-02-11T15:31:02.5127228Z         version=version,
2026-02-11T15:31:02.5127438Z         ^^^^^^^^^^^^^^^^
2026-02-11T15:31:02.5127628Z     )
2026-02-11T15:31:02.5127787Z     ^
2026-02-11T15:31:02.5128266Z   File "/usr/local/lib/python3.13/site-packages/pip/_internal/resolution/resolvelib/candidates.py", line 343, in __init__
2026-02-11T15:31:02.5128847Z     super().__init__(
2026-02-11T15:31:02.5129037Z     ~~~~~~~~~~~~~~~~^
2026-02-11T15:31:02.5129232Z         link=link,
2026-02-11T15:31:02.5129408Z         ^^^^^^^^^^
2026-02-11T15:31:02.5129586Z     ...<4 lines>...
2026-02-11T15:31:02.5129773Z         version=version,
2026-02-11T15:31:02.5129973Z         ^^^^^^^^^^^^^^^^
2026-02-11T15:31:02.5130165Z     )
2026-02-11T15:31:02.5130315Z     ^
2026-02-11T15:31:02.5130792Z   File "/usr/local/lib/python3.13/site-packages/pip/_internal/resolution/resolvelib/candidates.py", line 161, in __init__
2026-02-11T15:31:02.5131527Z     self.dist = self._prepare()
2026-02-11T15:31:02.5131735Z                 ~~~~~~~~~~~~~^^
2026-02-11T15:31:02.5132203Z   File "/usr/local/lib/python3.13/site-packages/pip/_internal/resolution/resolvelib/candidates.py", line 238, in _prepare
2026-02-11T15:31:02.5132748Z     dist = self._prepare_distribution()
2026-02-11T15:31:02.5133434Z   File "/usr/local/lib/python3.13/site-packages/pip/_internal/resolution/resolvelib/candidates.py", line 353, in _prepare_distribution
2026-02-11T15:31:02.5134118Z     return self._factory.preparer.prepare_editable_requirement(self._ireq)
2026-02-11T15:31:02.5134637Z            ~~~~~~~~~~~~~~~~~~~~~~~~~~~~~~~~~~~~~~~~~~~~~~~~~~~^^^^^^^^^^^^
2026-02-11T15:31:02.5135206Z   File "/usr/local/lib/python3.13/site-packages/pip/_internal/operations/prepare.py", line 713, in prepare_editable_requirement
2026-02-11T15:31:02.5135752Z     dist = _get_prepared_distribution(
2026-02-11T15:31:02.5135976Z         req,
2026-02-11T15:31:02.5136125Z     ...<3 lines>...
2026-02-11T15:31:02.5136310Z         self.check_build_deps,
2026-02-11T15:31:02.5136501Z     )
2026-02-11T15:31:02.5136933Z   File "/usr/local/lib/python3.13/site-packages/pip/_internal/operations/prepare.py", line 77, in _get_prepared_distribution
2026-02-11T15:31:02.5137475Z     abstract_dist.prepare_distribution_metadata(
2026-02-11T15:31:02.5137752Z     ~~~~~~~~~~~~~~~~~~~~~~~~~~~~~~~~~~~~~~~~~~~^
2026-02-11T15:31:02.5138052Z         build_env_installer, build_isolation, check_build_deps
2026-02-11T15:31:02.5138366Z         ^^^^^^^^^^^^^^^^^^^^^^^^^^^^^^^^^^^^^^^^^^^^^^^^^^^^^^
2026-02-11T15:31:02.5138607Z     )
2026-02-11T15:31:02.5138741Z     ^
2026-02-11T15:31:02.5139192Z   File "/usr/local/lib/python3.13/site-packages/pip/_internal/distributions/sdist.py", line 53, in prepare_distribution_metadata
2026-02-11T15:31:02.5139733Z     self.req.editable_sanity_check()
2026-02-11T15:31:02.5139957Z     ~~~~~~~~~~~~~~~~~~~~~~~~~~~~~~^^
2026-02-11T15:31:02.5140415Z   File "/usr/local/lib/python3.13/site-packages/pip/_internal/req/req_install.py", line 501, in editable_sanity_check
2026-02-11T15:31:02.5141000Z     if self.editable and not self.supports_pyproject_editable:
2026-02-11T15:31:02.5141309Z                              ^^^^^^^^^^^^^^^^^^^^^^^^^^^^^^^^
2026-02-11T15:31:02.5141641Z   File "/usr/lib64/python3.13/functools.py", line 1025, in __get__
2026-02-11T15:31:02.5141960Z     val = self.func(instance)
2026-02-11T15:31:02.5142441Z   File "/usr/local/lib/python3.13/site-packages/pip/_internal/req/req_install.py", line 237, in supports_pyproject_editable
2026-02-11T15:31:02.5143220Z     return "build_editable" in self.pep517_backend._supported_features()
2026-02-11T15:31:02.5143589Z                                ~~~~~~~~~~~~~~~~~~~~~~~~~~~~~~~~~~~~~~~^^
2026-02-11T15:31:02.5144132Z   File "/usr/local/lib/python3.13/site-packages/pip/_vendor/pyproject_hooks/_impl.py", line 180, in _supported_features
2026-02-11T15:31:02.5144682Z     return self._call_hook("_supported_features", {})
2026-02-11T15:31:02.5144970Z            ~~~~~~~~~~~~~~~^^^^^^^^^^^^^^^^^^^^^^^^^^^
2026-02-11T15:31:02.5145442Z   File "/usr/local/lib/python3.13/site-packages/pip/_vendor/pyproject_hooks/_impl.py", line 402, in _call_hook
2026-02-11T15:31:02.5145928Z     raise BackendUnavailable(
2026-02-11T15:31:02.5146132Z     ...<4 lines>...
2026-02-11T15:31:02.5146293Z     )
2026-02-11T15:31:02.5146651Z pip._vendor.pyproject_hooks._impl.BackendUnavailable: Cannot import 'setuptools.backends._legacy'
2026-02-11T15:31:02.5746576Z ##[error]Process completed with exit code 2.
